[2025-08-09 13:31:42] Generating QR for order:
{
    "orderId": "26",
    "amount": 25000,
    "description": ""
}
[2025-08-09 13:32:03] Generating QR for order:
{
    "orderId": "26",
    "amount": 25000,
    "description": ""
}
[2025-08-09 13:36:34] Generating QR for order:
{
    "orderId": "27",
    "amount": 25000,
    "description": ""
}
[2025-08-09 13:37:13] Generating QR for order:
{
    "orderId": "27",
    "amount": 25000,
    "description": ""
}
[2025-08-09 13:38:00] Generating QR for order:
{
    "orderId": "27",
    "amount": 25000,
    "description": ""
}
[2025-08-09 13:38:25] Generating QR for order:
{
    "orderId": "27",
    "amount": 25000,
    "description": ""
}
[2025-08-09 13:39:08] Generating QR for order:
{
    "orderId": "27",
    "amount": 25000,
    "description": ""
}
[2025-08-09 13:39:19] Generating QR for order:
{
    "orderId": "27",
    "amount": 25000,
    "description": ""
}
[2025-08-09 13:40:44] Generating QR for order:
{
    "orderId": "27",
    "amount": 25000,
    "description": ""
}
[2025-08-09 13:40:53] Generating QR for order:
{
    "orderId": "27",
    "amount": 25000,
    "description": ""
}
[2025-08-09 13:40:57] Generating QR for order:
{
    "orderId": "27",
    "amount": 25000,
    "description": ""
}
[2025-08-09 13:41:00] Generating QR for order:
{
    "orderId": "27",
    "amount": 25000,
    "description": ""
}
[2025-08-09 13:41:04] Generating QR for order:
{
    "orderId": "27",
    "amount": 25000,
    "description": ""
}
[2025-08-09 13:42:07] Generating QR for order:
{
    "orderId": "27",
    "amount": 25000,
    "description": ""
}
[2025-08-09 13:42:19] Generating QR for order:
{
    "orderId": "27",
    "amount": 25000,
    "description": ""
}
[2025-08-09 13:42:29] Generating QR for order:
{
    "orderId": "27",
    "amount": 25000,
    "description": ""
}
[2025-08-09 13:42:34] Generating QR for order:
{
    "orderId": "27",
    "amount": 25000,
    "description": ""
}
[2025-08-09 13:42:39] Generating QR for order:
{
    "orderId": "27",
    "amount": 25000,
    "description": ""
}
[2025-08-09 13:43:09] Generating QR for order:
{
    "orderId": "27",
    "amount": 25000,
    "description": ""
}
[2025-08-09 13:43:36] Generating QR for order:
{
    "orderId": "27",
    "amount": 25000,
    "description": ""
}
[2025-08-09 13:46:31] Generating QR for order:
{
    "orderId": "27",
    "amount": 25000,
    "description": ""
}
[2025-08-09 13:48:09] Generating QR for order:
{
    "orderId": "27",
    "amount": 25000,
    "description": ""
}
[2025-08-09 13:50:38] Generating QR for order:
{
    "orderId": "27",
    "amount": 25000,
    "description": ""
}
[2025-08-09 14:03:53] Generating QR for order:
{
    "orderId": "28",
    "amount": 30000,
    "description": ""
}
[2025-08-10 12:19:42] Generating QR for order:
{
    "orderId": "29",
    "amount": 130000,
    "description": ""
}
[2025-08-10 14:56:17] Generating QR for order:
{
    "orderId": "30",
    "amount": 25000,
    "description": ""
}
[2025-08-10 14:57:12] Generating QR for order:
{
    "orderId": "30",
    "amount": 25000,
    "description": ""
}
[2025-08-10 15:20:04] Generating QR for order:
{
    "orderId": "31",
    "amount": 660000,
    "description": ""
}
[2025-08-17 09:58:44] Generating QR for order:
{
    "orderId": "33",
    "amount": 38000,
    "description": ""
}
[2025-08-17 10:01:02] Generating QR for order:
{
    "orderId": "33",
    "amount": 38000,
    "description": ""
}
[2025-08-17 10:01:14] Generating QR for order:
{
    "orderId": "33",
    "amount": 38000,
    "description": ""
}
[2025-08-17 10:01:37] Generating QR for order:
{
    "orderId": "33",
    "amount": 38000,
    "description": ""
}
[2025-08-17 10:01:47] Generating QR for order:
{
    "orderId": "33",
    "amount": 38000,
    "description": ""
}
[2025-08-17 10:01:54] Generating QR for order:
{
    "orderId": "33",
    "amount": 38000,
    "description": ""
}
[2025-08-17 10:02:55] Generating QR for order:
{
    "orderId": "33",
    "amount": 38000,
    "description": ""
}
[2025-08-17 10:03:35] Generating QR for order:
{
    "orderId": "33",
    "amount": 38000,
    "description": ""
}
[2025-08-17 10:03:38] Generating QR for order:
{
    "orderId": "33",
    "amount": 38000,
    "description": ""
}
[2025-08-17 10:03:45] Generating QR for order:
{
    "orderId": "33",
    "amount": 38000,
    "description": ""
}
[2025-08-19 12:23:44] Generating QR for order:
{
    "orderId": "34",
    "amount": 220000,
    "description": ""
}
