[2025-08-09 12:51:45] Received webhook:
{
    "payload": "",
    "signature": "",
    "headers": {
        "Host": "localhost",
        "Connection": "keep-alive",
        "Cache-Control": "max-age=0",
        "sec-ch-ua": "\"Not)A;Brand\";v=\"8\", \"Chromium\";v=\"138\", \"Google Chrome\";v=\"138\"",
        "sec-ch-ua-mobile": "?0",
        "sec-ch-ua-platform": "\"Windows\"",
        "Upgrade-Insecure-Requests": "1",
        "User-Agent": "Mozilla\/5.0 (Windows NT 10.0; Win64; x64) AppleWebKit\/537.36 (KHTML, like Gecko) Chrome\/138.0.0.0 Safari\/537.36",
        "Accept": "text\/html,application\/xhtml+xml,application\/xml;q=0.9,image\/avif,image\/webp,image\/apng,*\/*;q=0.8,application\/signed-exchange;v=b3;q=0.7",
        "Sec-Fetch-Site": "none",
        "Sec-Fetch-Mode": "navigate",
        "Sec-Fetch-User": "?1",
        "Sec-Fetch-Dest": "document",
        "Accept-Encoding": "gzip, deflate, br, zstd",
        "Accept-Language": "en-US,en;q=0.9",
        "Cookie": "PHPSESSID=2eoh53ts92lefdgh94oks9cuug"
    }
}
[2025-08-09 12:51:45] Parsed data:
[2025-08-09 12:51:45] Invalid payload
[2025-08-09 12:52:47] Received webhook:
{
    "payload": "",
    "signature": "",
    "headers": {
        "Host": "localhost",
        "Connection": "keep-alive",
        "Cache-Control": "max-age=0",
        "sec-ch-ua": "\"Not)A;Brand\";v=\"8\", \"Chromium\";v=\"138\", \"Google Chrome\";v=\"138\"",
        "sec-ch-ua-mobile": "?0",
        "sec-ch-ua-platform": "\"Windows\"",
        "Upgrade-Insecure-Requests": "1",
        "User-Agent": "Mozilla\/5.0 (Windows NT 10.0; Win64; x64) AppleWebKit\/537.36 (KHTML, like Gecko) Chrome\/138.0.0.0 Safari\/537.36",
        "Accept": "text\/html,application\/xhtml+xml,application\/xml;q=0.9,image\/avif,image\/webp,image\/apng,*\/*;q=0.8,application\/signed-exchange;v=b3;q=0.7",
        "Sec-Fetch-Site": "none",
        "Sec-Fetch-Mode": "navigate",
        "Sec-Fetch-User": "?1",
        "Sec-Fetch-Dest": "document",
        "Accept-Encoding": "gzip, deflate, br, zstd",
        "Accept-Language": "en-US,en;q=0.9",
        "Cookie": "PHPSESSID=2eoh53ts92lefdgh94oks9cuug"
    }
}
[2025-08-09 12:52:47] Parsed data:
[2025-08-09 12:52:47] Invalid payload
[2025-08-09 12:52:48] Received webhook:
{
    "payload": "",
    "signature": "",
    "headers": {
        "Host": "localhost",
        "Connection": "keep-alive",
        "Cache-Control": "max-age=0",
        "sec-ch-ua": "\"Not)A;Brand\";v=\"8\", \"Chromium\";v=\"138\", \"Google Chrome\";v=\"138\"",
        "sec-ch-ua-mobile": "?0",
        "sec-ch-ua-platform": "\"Windows\"",
        "Upgrade-Insecure-Requests": "1",
        "User-Agent": "Mozilla\/5.0 (Windows NT 10.0; Win64; x64) AppleWebKit\/537.36 (KHTML, like Gecko) Chrome\/138.0.0.0 Safari\/537.36",
        "Accept": "text\/html,application\/xhtml+xml,application\/xml;q=0.9,image\/avif,image\/webp,image\/apng,*\/*;q=0.8,application\/signed-exchange;v=b3;q=0.7",
        "Sec-Fetch-Site": "none",
        "Sec-Fetch-Mode": "navigate",
        "Sec-Fetch-User": "?1",
        "Sec-Fetch-Dest": "document",
        "Accept-Encoding": "gzip, deflate, br, zstd",
        "Accept-Language": "en-US,en;q=0.9",
        "Cookie": "PHPSESSID=2eoh53ts92lefdgh94oks9cuug"
    }
}
[2025-08-09 12:52:48] Parsed data:
[2025-08-09 12:52:48] Invalid payload
[2025-08-09 12:52:48] Received webhook:
{
    "payload": "",
    "signature": "",
    "headers": {
        "Host": "localhost",
        "Connection": "keep-alive",
        "Cache-Control": "max-age=0",
        "sec-ch-ua": "\"Not)A;Brand\";v=\"8\", \"Chromium\";v=\"138\", \"Google Chrome\";v=\"138\"",
        "sec-ch-ua-mobile": "?0",
        "sec-ch-ua-platform": "\"Windows\"",
        "Upgrade-Insecure-Requests": "1",
        "User-Agent": "Mozilla\/5.0 (Windows NT 10.0; Win64; x64) AppleWebKit\/537.36 (KHTML, like Gecko) Chrome\/138.0.0.0 Safari\/537.36",
        "Accept": "text\/html,application\/xhtml+xml,application\/xml;q=0.9,image\/avif,image\/webp,image\/apng,*\/*;q=0.8,application\/signed-exchange;v=b3;q=0.7",
        "Sec-Fetch-Site": "none",
        "Sec-Fetch-Mode": "navigate",
        "Sec-Fetch-User": "?1",
        "Sec-Fetch-Dest": "document",
        "Accept-Encoding": "gzip, deflate, br, zstd",
        "Accept-Language": "en-US,en;q=0.9",
        "Cookie": "PHPSESSID=2eoh53ts92lefdgh94oks9cuug"
    }
}
[2025-08-09 12:52:48] Parsed data:
[2025-08-09 12:52:48] Invalid payload
[2025-08-09 12:53:00] Received webhook:
{
    "payload": "",
    "signature": "",
    "headers": {
        "Host": "localhost",
        "Connection": "keep-alive",
        "Cache-Control": "max-age=0",
        "sec-ch-ua": "\"Not)A;Brand\";v=\"8\", \"Chromium\";v=\"138\", \"Google Chrome\";v=\"138\"",
        "sec-ch-ua-mobile": "?0",
        "sec-ch-ua-platform": "\"Windows\"",
        "Upgrade-Insecure-Requests": "1",
        "User-Agent": "Mozilla\/5.0 (Windows NT 10.0; Win64; x64) AppleWebKit\/537.36 (KHTML, like Gecko) Chrome\/138.0.0.0 Safari\/537.36",
        "Accept": "text\/html,application\/xhtml+xml,application\/xml;q=0.9,image\/avif,image\/webp,image\/apng,*\/*;q=0.8,application\/signed-exchange;v=b3;q=0.7",
        "Sec-Fetch-Site": "none",
        "Sec-Fetch-Mode": "navigate",
        "Sec-Fetch-User": "?1",
        "Sec-Fetch-Dest": "document",
        "Accept-Encoding": "gzip, deflate, br, zstd",
        "Accept-Language": "en-US,en;q=0.9",
        "Cookie": "PHPSESSID=2eoh53ts92lefdgh94oks9cuug"
    }
}
[2025-08-09 12:53:00] Parsed data:
[2025-08-09 12:53:00] Invalid payload
[2025-08-09 12:53:01] Received webhook:
{
    "payload": "",
    "signature": "",
    "headers": {
        "Host": "localhost",
        "Connection": "keep-alive",
        "Pragma": "no-cache",
        "Cache-Control": "no-cache",
        "sec-ch-ua": "\"Not)A;Brand\";v=\"8\", \"Chromium\";v=\"138\", \"Google Chrome\";v=\"138\"",
        "sec-ch-ua-mobile": "?0",
        "sec-ch-ua-platform": "\"Windows\"",
        "Upgrade-Insecure-Requests": "1",
        "User-Agent": "Mozilla\/5.0 (Windows NT 10.0; Win64; x64) AppleWebKit\/537.36 (KHTML, like Gecko) Chrome\/138.0.0.0 Safari\/537.36",
        "Accept": "text\/html,application\/xhtml+xml,application\/xml;q=0.9,image\/avif,image\/webp,image\/apng,*\/*;q=0.8,application\/signed-exchange;v=b3;q=0.7",
        "Sec-Fetch-Site": "none",
        "Sec-Fetch-Mode": "navigate",
        "Sec-Fetch-User": "?1",
        "Sec-Fetch-Dest": "document",
        "Accept-Encoding": "gzip, deflate, br, zstd",
        "Accept-Language": "en-US,en;q=0.9",
        "Cookie": "PHPSESSID=2eoh53ts92lefdgh94oks9cuug"
    }
}
[2025-08-09 12:53:01] Parsed data:
[2025-08-09 12:53:01] Invalid payload
[2025-08-09 12:53:02] Received webhook:
{
    "payload": "",
    "signature": "",
    "headers": {
        "Host": "localhost",
        "Connection": "keep-alive",
        "Cache-Control": "max-age=0",
        "sec-ch-ua": "\"Not)A;Brand\";v=\"8\", \"Chromium\";v=\"138\", \"Google Chrome\";v=\"138\"",
        "sec-ch-ua-mobile": "?0",
        "sec-ch-ua-platform": "\"Windows\"",
        "Upgrade-Insecure-Requests": "1",
        "User-Agent": "Mozilla\/5.0 (Windows NT 10.0; Win64; x64) AppleWebKit\/537.36 (KHTML, like Gecko) Chrome\/138.0.0.0 Safari\/537.36",
        "Accept": "text\/html,application\/xhtml+xml,application\/xml;q=0.9,image\/avif,image\/webp,image\/apng,*\/*;q=0.8,application\/signed-exchange;v=b3;q=0.7",
        "Sec-Fetch-Site": "none",
        "Sec-Fetch-Mode": "navigate",
        "Sec-Fetch-User": "?1",
        "Sec-Fetch-Dest": "document",
        "Accept-Encoding": "gzip, deflate, br, zstd",
        "Accept-Language": "en-US,en;q=0.9",
        "Cookie": "PHPSESSID=2eoh53ts92lefdgh94oks9cuug"
    }
}
[2025-08-09 12:53:02] Parsed data:
[2025-08-09 12:53:02] Invalid payload
[2025-08-09 12:54:12] Received webhook:
{
    "payload": "",
    "signature": "",
    "headers": {
        "Host": "localhost",
        "Connection": "keep-alive",
        "Cache-Control": "max-age=0",
        "sec-ch-ua": "\"Not)A;Brand\";v=\"8\", \"Chromium\";v=\"138\", \"Google Chrome\";v=\"138\"",
        "sec-ch-ua-mobile": "?0",
        "sec-ch-ua-platform": "\"Windows\"",
        "Upgrade-Insecure-Requests": "1",
        "User-Agent": "Mozilla\/5.0 (Windows NT 10.0; Win64; x64) AppleWebKit\/537.36 (KHTML, like Gecko) Chrome\/138.0.0.0 Safari\/537.36",
        "Accept": "text\/html,application\/xhtml+xml,application\/xml;q=0.9,image\/avif,image\/webp,image\/apng,*\/*;q=0.8,application\/signed-exchange;v=b3;q=0.7",
        "Sec-Fetch-Site": "none",
        "Sec-Fetch-Mode": "navigate",
        "Sec-Fetch-User": "?1",
        "Sec-Fetch-Dest": "document",
        "Accept-Encoding": "gzip, deflate, br, zstd",
        "Accept-Language": "en-US,en;q=0.9",
        "Cookie": "PHPSESSID=2eoh53ts92lefdgh94oks9cuug"
    }
}
[2025-08-09 12:54:12] Parsed data:
[2025-08-09 12:54:12] Invalid payload
[2025-08-09 12:54:38] Received webhook:
{
    "payload": "",
    "signature": "",
    "headers": {
        "Host": "localhost",
        "Connection": "keep-alive",
        "Cache-Control": "max-age=0",
        "sec-ch-ua": "\"Not)A;Brand\";v=\"8\", \"Chromium\";v=\"138\", \"Google Chrome\";v=\"138\"",
        "sec-ch-ua-mobile": "?0",
        "sec-ch-ua-platform": "\"Windows\"",
        "Upgrade-Insecure-Requests": "1",
        "User-Agent": "Mozilla\/5.0 (Windows NT 10.0; Win64; x64) AppleWebKit\/537.36 (KHTML, like Gecko) Chrome\/138.0.0.0 Safari\/537.36",
        "Accept": "text\/html,application\/xhtml+xml,application\/xml;q=0.9,image\/avif,image\/webp,image\/apng,*\/*;q=0.8,application\/signed-exchange;v=b3;q=0.7",
        "Sec-Fetch-Site": "none",
        "Sec-Fetch-Mode": "navigate",
        "Sec-Fetch-User": "?1",
        "Sec-Fetch-Dest": "document",
        "Accept-Encoding": "gzip, deflate, br, zstd",
        "Accept-Language": "en-US,en;q=0.9",
        "Cookie": "PHPSESSID=2eoh53ts92lefdgh94oks9cuug"
    }
}
[2025-08-09 12:54:38] Parsed data:
[2025-08-09 12:54:38] Invalid payload
[2025-08-09 12:54:39] Received webhook:
{
    "payload": "",
    "signature": "",
    "headers": {
        "Host": "localhost",
        "Connection": "keep-alive",
        "Cache-Control": "max-age=0",
        "sec-ch-ua": "\"Not)A;Brand\";v=\"8\", \"Chromium\";v=\"138\", \"Google Chrome\";v=\"138\"",
        "sec-ch-ua-mobile": "?0",
        "sec-ch-ua-platform": "\"Windows\"",
        "Upgrade-Insecure-Requests": "1",
        "User-Agent": "Mozilla\/5.0 (Windows NT 10.0; Win64; x64) AppleWebKit\/537.36 (KHTML, like Gecko) Chrome\/138.0.0.0 Safari\/537.36",
        "Accept": "text\/html,application\/xhtml+xml,application\/xml;q=0.9,image\/avif,image\/webp,image\/apng,*\/*;q=0.8,application\/signed-exchange;v=b3;q=0.7",
        "Sec-Fetch-Site": "none",
        "Sec-Fetch-Mode": "navigate",
        "Sec-Fetch-User": "?1",
        "Sec-Fetch-Dest": "document",
        "Accept-Encoding": "gzip, deflate, br, zstd",
        "Accept-Language": "en-US,en;q=0.9",
        "Cookie": "PHPSESSID=2eoh53ts92lefdgh94oks9cuug"
    }
}
[2025-08-09 12:54:39] Parsed data:
[2025-08-09 12:54:39] Invalid payload
[2025-08-09 12:55:17] Received webhook:
{
    "payload": "",
    "signature": "",
    "headers": {
        "Host": "localhost",
        "Connection": "keep-alive",
        "Cache-Control": "max-age=0",
        "sec-ch-ua": "\"Not)A;Brand\";v=\"8\", \"Chromium\";v=\"138\", \"Google Chrome\";v=\"138\"",
        "sec-ch-ua-mobile": "?0",
        "sec-ch-ua-platform": "\"Windows\"",
        "Upgrade-Insecure-Requests": "1",
        "User-Agent": "Mozilla\/5.0 (Windows NT 10.0; Win64; x64) AppleWebKit\/537.36 (KHTML, like Gecko) Chrome\/138.0.0.0 Safari\/537.36",
        "Accept": "text\/html,application\/xhtml+xml,application\/xml;q=0.9,image\/avif,image\/webp,image\/apng,*\/*;q=0.8,application\/signed-exchange;v=b3;q=0.7",
        "Sec-Fetch-Site": "none",
        "Sec-Fetch-Mode": "navigate",
        "Sec-Fetch-User": "?1",
        "Sec-Fetch-Dest": "document",
        "Accept-Encoding": "gzip, deflate, br, zstd",
        "Accept-Language": "en-US,en;q=0.9",
        "Cookie": "PHPSESSID=2eoh53ts92lefdgh94oks9cuug"
    }
}
[2025-08-09 12:55:17] Parsed data:
[2025-08-09 12:55:17] Invalid payload
[2025-08-09 12:55:17] Received webhook:
{
    "payload": "",
    "signature": "",
    "headers": {
        "Host": "localhost",
        "Connection": "keep-alive",
        "Cache-Control": "max-age=0",
        "sec-ch-ua": "\"Not)A;Brand\";v=\"8\", \"Chromium\";v=\"138\", \"Google Chrome\";v=\"138\"",
        "sec-ch-ua-mobile": "?0",
        "sec-ch-ua-platform": "\"Windows\"",
        "Upgrade-Insecure-Requests": "1",
        "User-Agent": "Mozilla\/5.0 (Windows NT 10.0; Win64; x64) AppleWebKit\/537.36 (KHTML, like Gecko) Chrome\/138.0.0.0 Safari\/537.36",
        "Accept": "text\/html,application\/xhtml+xml,application\/xml;q=0.9,image\/avif,image\/webp,image\/apng,*\/*;q=0.8,application\/signed-exchange;v=b3;q=0.7",
        "Sec-Fetch-Site": "none",
        "Sec-Fetch-Mode": "navigate",
        "Sec-Fetch-User": "?1",
        "Sec-Fetch-Dest": "document",
        "Accept-Encoding": "gzip, deflate, br, zstd",
        "Accept-Language": "en-US,en;q=0.9",
        "Cookie": "PHPSESSID=2eoh53ts92lefdgh94oks9cuug"
    }
}
[2025-08-09 12:55:17] Parsed data:
[2025-08-09 12:55:17] Invalid payload
[2025-08-09 12:55:18] Received webhook:
{
    "payload": "",
    "signature": "",
    "headers": {
        "Host": "localhost",
        "Connection": "keep-alive",
        "sec-ch-ua": "\"Not)A;Brand\";v=\"8\", \"Chromium\";v=\"138\", \"Google Chrome\";v=\"138\"",
        "sec-ch-ua-mobile": "?0",
        "sec-ch-ua-platform": "\"Windows\"",
        "Upgrade-Insecure-Requests": "1",
        "User-Agent": "Mozilla\/5.0 (Windows NT 10.0; Win64; x64) AppleWebKit\/537.36 (KHTML, like Gecko) Chrome\/138.0.0.0 Safari\/537.36",
        "Accept": "text\/html,application\/xhtml+xml,application\/xml;q=0.9,image\/avif,image\/webp,image\/apng,*\/*;q=0.8,application\/signed-exchange;v=b3;q=0.7",
        "Sec-Fetch-Site": "none",
        "Sec-Fetch-Mode": "navigate",
        "Sec-Fetch-User": "?1",
        "Sec-Fetch-Dest": "document",
        "Accept-Encoding": "gzip, deflate, br, zstd",
        "Accept-Language": "en-US,en;q=0.9",
        "Cookie": "PHPSESSID=2eoh53ts92lefdgh94oks9cuug"
    }
}
[2025-08-09 12:55:18] Parsed data:
[2025-08-09 12:55:18] Invalid payload
[2025-08-09 12:55:23] Received webhook:
{
    "payload": "",
    "signature": "",
    "headers": {
        "Host": "localhost",
        "Connection": "keep-alive",
        "Cache-Control": "max-age=0",
        "sec-ch-ua": "\"Not)A;Brand\";v=\"8\", \"Chromium\";v=\"138\", \"Google Chrome\";v=\"138\"",
        "sec-ch-ua-mobile": "?0",
        "sec-ch-ua-platform": "\"Windows\"",
        "Upgrade-Insecure-Requests": "1",
        "User-Agent": "Mozilla\/5.0 (Windows NT 10.0; Win64; x64) AppleWebKit\/537.36 (KHTML, like Gecko) Chrome\/138.0.0.0 Safari\/537.36",
        "Accept": "text\/html,application\/xhtml+xml,application\/xml;q=0.9,image\/avif,image\/webp,image\/apng,*\/*;q=0.8,application\/signed-exchange;v=b3;q=0.7",
        "Sec-Fetch-Site": "none",
        "Sec-Fetch-Mode": "navigate",
        "Sec-Fetch-User": "?1",
        "Sec-Fetch-Dest": "document",
        "Accept-Encoding": "gzip, deflate, br, zstd",
        "Accept-Language": "en-US,en;q=0.9",
        "Cookie": "PHPSESSID=2eoh53ts92lefdgh94oks9cuug"
    }
}
[2025-08-09 12:55:23] Parsed data:
[2025-08-09 12:55:23] Invalid payload
[2025-08-09 12:55:23] Received webhook:
{
    "payload": "",
    "signature": "",
    "headers": {
        "Host": "localhost",
        "Connection": "keep-alive",
        "Cache-Control": "max-age=0",
        "sec-ch-ua": "\"Not)A;Brand\";v=\"8\", \"Chromium\";v=\"138\", \"Google Chrome\";v=\"138\"",
        "sec-ch-ua-mobile": "?0",
        "sec-ch-ua-platform": "\"Windows\"",
        "Upgrade-Insecure-Requests": "1",
        "User-Agent": "Mozilla\/5.0 (Windows NT 10.0; Win64; x64) AppleWebKit\/537.36 (KHTML, like Gecko) Chrome\/138.0.0.0 Safari\/537.36",
        "Accept": "text\/html,application\/xhtml+xml,application\/xml;q=0.9,image\/avif,image\/webp,image\/apng,*\/*;q=0.8,application\/signed-exchange;v=b3;q=0.7",
        "Sec-Fetch-Site": "none",
        "Sec-Fetch-Mode": "navigate",
        "Sec-Fetch-User": "?1",
        "Sec-Fetch-Dest": "document",
        "Accept-Encoding": "gzip, deflate, br, zstd",
        "Accept-Language": "en-US,en;q=0.9",
        "Cookie": "PHPSESSID=2eoh53ts92lefdgh94oks9cuug"
    }
}
[2025-08-09 12:55:23] Parsed data:
[2025-08-09 12:55:23] Invalid payload
