[2025-08-09 07:26:30] [CART] [User: Quản trị viên (ID: 1)] [IP: ::1] [Page: add.php] 🛒 Added product to cart (Qty: 1) | {"action":"ADD_TO_CART","product_id":11,"product_name":null,"quantity":1}
[2025-08-09 07:26:30] [CART] [User: Quản trị viên (ID: 1)] [IP: ::1] [Page: add.php] 🛒 Added product to cart (Qty: 1) | {"action":"ADD_TO_CART","product_id":11,"product_name":null,"quantity":1}
[2025-08-09 07:26:45] [CART] [User: Quản trị viên (ID: 1)] [IP: ::1] [Page: add.php] 🛒 Added product to cart (Qty: 1) | {"action":"ADD_TO_CART","product_id":4,"product_name":null,"quantity":1}
[2025-08-09 07:26:45] [CART] [User: Quản trị viên (ID: 1)] [IP: ::1] [Page: add.php] 🛒 Added product to cart (Qty: 1) | {"action":"ADD_TO_CART","product_id":4,"product_name":null,"quantity":1}
[2025-08-09 07:27:32] [CART] [User: Quản trị viên (ID: 1)] [IP: ::1] [Page: add.php] 🛒 Added product to cart (Qty: 1) | {"action":"ADD_TO_CART","product_id":11,"product_name":null,"quantity":1}
[2025-08-09 07:27:40] [CART] [User: Quản trị viên (ID: 1)] [IP: ::1] [Page: add.php] 🛒 Added product to cart (Qty: 1) | {"action":"ADD_TO_CART","product_id":8,"product_name":null,"quantity":1}
[2025-08-09 07:29:04] [CART] [User: Quản trị viên (ID: 1)] [IP: ::1] [Page: add.php] 🛒 Added product to cart (Qty: 1) | {"action":"ADD_TO_CART","product_id":11,"product_name":null,"quantity":1}
[2025-08-09 07:29:04] [CART] [User: Quản trị viên (ID: 1)] [IP: ::1] [Page: add.php] 🛒 Added product to cart (Qty: 1) | {"action":"ADD_TO_CART","product_id":11,"product_name":null,"quantity":1}
[2025-08-09 07:29:50] [CART] [User: Quản trị viên (ID: 1)] [IP: ::1] [Page: add.php] 🛒 Added product to cart (Qty: 1) | {"action":"ADD_TO_CART","product_id":2,"product_name":null,"quantity":1}
[2025-08-09 07:29:50] [CART] [User: Quản trị viên (ID: 1)] [IP: ::1] [Page: add.php] 🛒 Added product to cart (Qty: 1) | {"action":"ADD_TO_CART","product_id":2,"product_name":null,"quantity":1}
[2025-08-09 07:31:07] [CART] [User: Quản trị viên (ID: 1)] [IP: ::1] [Page: add.php] 🛒 Added product to cart (Qty: 1) | {"action":"ADD_TO_CART","product_id":2,"product_name":null,"quantity":1}
[2025-08-09 07:31:07] [CART] [User: Quản trị viên (ID: 1)] [IP: ::1] [Page: add.php] 🛒 Added product to cart (Qty: 1) | {"action":"ADD_TO_CART","product_id":2,"product_name":null,"quantity":1}
[2025-08-09 07:36:00] [CART] [User: Quản trị viên (ID: 1)] [IP: ::1] [Page: add.php] 🛒 Added product to cart (Qty: 1) | {"action":"ADD_TO_CART","product_id":11,"product_name":null,"quantity":1}
[2025-08-09 07:36:00] [CART] [User: Quản trị viên (ID: 1)] [IP: ::1] [Page: add.php] 🛒 Added product to cart (Qty: 1) | {"action":"ADD_TO_CART","product_id":11,"product_name":null,"quantity":1}
[2025-08-09 08:06:16] [CART] [User: Quản trị viên (ID: 1)] [IP: ::1] [Page: add.php] 🛒 Added product to cart (Qty: 1) | {"action":"ADD_TO_CART","product_id":4,"product_name":null,"quantity":1}
[2025-08-09 08:08:51] [CART] [User: Quản trị viên (ID: 1)] [IP: ::1] [Page: add.php] 🛒 Added product to cart (Qty: 1) | {"action":"ADD_TO_CART","product_id":11,"product_name":null,"quantity":1}
[2025-08-09 08:08:51] [CART] [User: Quản trị viên (ID: 1)] [IP: ::1] [Page: add.php] 🛒 Added product to cart (Qty: 1) | {"action":"ADD_TO_CART","product_id":11,"product_name":null,"quantity":1}
[2025-08-09 08:10:37] [CART] [User: Quản trị viên (ID: 1)] [IP: ::1] [Page: add.php] 🛒 Added product to cart (Qty: 1) | {"action":"ADD_TO_CART","product_id":1,"product_name":null,"quantity":1}
[2025-08-09 08:20:09] [CART] [User: Quản trị viên (ID: 1)] [IP: ::1] [Page: add.php] 🛒 Added product to cart (Qty: 1) | {"action":"ADD_TO_CART","product_id":1,"product_name":null,"quantity":1}
[2025-08-09 08:27:10] [CART] [User: Quản trị viên (ID: 1)] [IP: ::1] [Page: add.php] 🛒 Added product to cart (Qty: 1) | {"action":"ADD_TO_CART","product_id":1,"product_name":null,"quantity":1}
[2025-08-09 08:31:22] [CART] [User: Quản trị viên (ID: 1)] [IP: ::1] [Page: add.php] 🛒 Added product to cart (Qty: 1) | {"action":"ADD_TO_CART","product_id":1,"product_name":null,"quantity":1}
[2025-08-09 08:36:25] [CART] [User: Quản trị viên (ID: 1)] [IP: ::1] [Page: add.php] 🛒 Added product to cart (Qty: 1) | {"action":"ADD_TO_CART","product_id":1,"product_name":null,"quantity":1}
[2025-08-09 09:03:14] [CART] [User: 8] [IP: ::1] CART_ACTION: ADD_TO_CART_START | Product: 6 | Quantity: 1
[2025-08-09 09:03:14] [CART] [User: 8] [IP: ::1] CART_ACTION: PRODUCT_FOUND | Product: 6 | Quantity: 1 | Details: Name: Ibuprofen 200mg, Price: 20000, Stock: 80
[2025-08-09 09:03:14] [CART] [User: 8] [IP: ::1] CART_ACTION: CART_CREATED | Product: 6 | Quantity: 1 | Details: New Cart ID: 28
[2025-08-09 09:03:14] [CART] [User: 8] [IP: ::1] CART_ACTION: PRICE_CALCULATED | Product: 6 | Quantity: 1 | Details: Original: 20000, Discount: 10000, Final: 10000
[2025-08-09 09:03:14] [CART] [User: 8] [IP: ::1] CART_ACTION: ITEM_ADDED | Product: 6 | Quantity: 1 | Details: Cart ID: 28, Unit Price: 10000
[2025-08-09 09:03:14] [CART] [User: 8] [IP: ::1] CART_ACTION: ADD_TO_CART_SUCCESS | Product: 6 | Quantity: 1 | Details: Cart ID: 28, Cart Count: 1
