[2025-08-08 09:26:01] [CART] [User: Quản trị viên (ID: 1)] [IP: ::1] [Page: add.php] 🛒 Added product to cart (Qty: 1) | {"action":"ADD_TO_CART","product_id":11,"product_name":null,"quantity":1}
[2025-08-08 09:26:01] [CART] [User: Quản trị viên (ID: 1)] [IP: ::1] [Page: add.php] 🛒 Added product to cart (Qty: 1) | {"action":"ADD_TO_CART","product_id":11,"product_name":null,"quantity":1}
[2025-08-08 10:14:39] [CART] [User: Dr.Linh (ID: 6)] [IP: ::1] [Page: add.php] 🛒 Added product to cart (Qty: 1) | {"action":"ADD_TO_CART","product_id":11,"product_name":null,"quantity":1}
[2025-08-08 10:14:40] [CART] [User: Dr.Linh (ID: 6)] [IP: ::1] [Page: add.php] 🛒 Added product to cart (Qty: 1) | {"action":"ADD_TO_CART","product_id":11,"product_name":null,"quantity":1}
[2025-08-08 10:15:19] [CART] [User: 6] [IP: ::1] CART_ACTION: ADD_TO_CART_START | Product: 11 | Quantity: 1
[2025-08-08 10:15:19] [CART] [User: 6] [IP: ::1] CART_ACTION: PRODUCT_FOUND | Product: 11 | Quantity: 1 | Details: Name: Trà ngủ ngon Hoa Cúc, Price: 65000, Stock: 69
[2025-08-08 10:15:19] [CART] [User: 6] [IP: ::1] CART_ACTION: CART_CREATED | Product: 11 | Quantity: 1 | Details: New Cart ID: 18
[2025-08-08 10:15:19] [CART] [User: 6] [IP: ::1] CART_ACTION: PRICE_CALCULATED | Product: 11 | Quantity: 1 | Details: Original: 65000, Discount: 10000, Final: 55000
[2025-08-08 10:15:19] [CART] [User: 6] [IP: ::1] CART_ACTION: ITEM_ADDED | Product: 11 | Quantity: 1 | Details: Cart ID: 18, Unit Price: 55000
[2025-08-08 10:15:19] [CART] [User: 6] [IP: ::1] CART_ACTION: ADD_TO_CART_SUCCESS | Product: 11 | Quantity: 1 | Details: Cart ID: 18, Cart Count: 1
[2025-08-08 10:16:50] [CART] [User: Dr.Linh (ID: 6)] [IP: ::1] [Page: add.php] 🛒 Added product to cart (Qty: 1) | {"action":"ADD_TO_CART","product_id":2,"product_name":null,"quantity":1}
[2025-08-08 10:16:50] [CART] [User: Dr.Linh (ID: 6)] [IP: ::1] [Page: add.php] 🛒 Added product to cart (Qty: 1) | {"action":"ADD_TO_CART","product_id":2,"product_name":null,"quantity":1}
[2025-08-08 10:23:02] [CART] [User: 6] [IP: ::1] CART_ACTION: ADD_TO_CART_START | Product: 4 | Quantity: 1
[2025-08-08 10:23:02] [CART] [User: 6] [IP: ::1] CART_ACTION: PRODUCT_FOUND | Product: 4 | Quantity: 1 | Details: Name: Máy đo huyết áp điện tử, Price: 650000, Stock: 13
[2025-08-08 10:23:02] [CART] [User: 6] [IP: ::1] CART_ACTION: CART_FOUND | Product: 4 | Quantity: 1 | Details: Existing Cart ID: 20
[2025-08-08 10:23:02] [CART] [User: 6] [IP: ::1] CART_ACTION: PRICE_CALCULATED | Product: 4 | Quantity: 1 | Details: Original: 650000, Discount: 10000, Final: 640000
[2025-08-08 10:23:02] [CART] [User: 6] [IP: ::1] CART_ACTION: ITEM_ADDED | Product: 4 | Quantity: 1 | Details: Cart ID: 20, Unit Price: 640000
[2025-08-08 10:23:02] [CART] [User: 6] [IP: ::1] CART_ACTION: ADD_TO_CART_SUCCESS | Product: 4 | Quantity: 1 | Details: Cart ID: 20, Cart Count: 1
[2025-08-08 10:23:06] [CART] [User: Dr.Linh (ID: 6)] [IP: ::1] [Page: add.php] 🛒 Added product to cart (Qty: 1) | {"action":"ADD_TO_CART","product_id":4,"product_name":null,"quantity":1}
[2025-08-08 17:03:33] [CART] [User: Quản trị viên (ID: 1)] [IP: ::1] [Page: add.php] 🛒 Added product to cart (Qty: 1) | {"action":"ADD_TO_CART","product_id":10,"product_name":null,"quantity":1}
[2025-08-08 17:05:08] [CART] [User: Quản trị viên (ID: 1)] [IP: ::1] [Page: add.php] 🛒 Added product to cart (Qty: 1) | {"action":"ADD_TO_CART","product_id":5,"product_name":null,"quantity":1}
[2025-08-08 17:05:51] [CART] [User: Quản trị viên (ID: 1)] [IP: ::1] [Page: add.php] 🛒 Added product to cart (Qty: 1) | {"action":"ADD_TO_CART","product_id":11,"product_name":null,"quantity":1}
[2025-08-08 17:10:40] [CART] [User: Quản trị viên (ID: 1)] [IP: ::1] [Page: add.php] 🛒 Added product to cart (Qty: 1) | {"action":"ADD_TO_CART","product_id":8,"product_name":null,"quantity":1}
